Fev 24, 2015 3:01:21 AM Controller.Game main
INFORMA합ES: protover 2: accepted
Fev 24, 2015 3:01:25 AM AI.MiniMax bestMove
INFORMA합ES: Best heuristic: -17
Fev 24, 2015 3:01:25 AM AI.MiniMax bestMove
INFORMA합ES: Total considerated: 18552; Total prunned: 14189
Fev 24, 2015 3:01:25 AM Board.Chessboard printBoard
INFORMA합ES: 
-06 -05 -04 -12 -25 -04 -05 -06 
-01 -01 -01 -01 -01 -01 -01 -01 
000 000 000 000 000 000 000 000 
000 000 000 000 000 000 000 000 
000 000 000 000 000 000 000 000 
000 000 000 000 000 000 000 000 
001 001 001 001 001 001 001 001 
006 005 004 012 025 004 005 006 

Fev 24, 2015 3:01:25 AM Board.Chessboard printBoard
INFORMA합ES: 
-06 -05 -04 -12 -25 -04 -05 -06 
-01 -01 -01 -01 -01 -01 -01 -01 
000 000 000 000 000 000 000 000 
000 000 000 000 000 000 000 000 
000 000 000 000 001 000 000 000 
000 000 000 000 000 000 000 000 
001 001 001 001 000 001 001 001 
006 005 004 012 025 004 005 006 

Fev 24, 2015 3:01:25 AM Controller.Game main
INFORMA합ES: move e2e4
